2020-12-23 12:58:13.941  INFO 3832 --- [main] c.facebookboot.FacebookbootApplication   : Starting FacebookbootApplication using Java 1.8.0_271 on DESKTOP-ITRG9SL with PID 3832 (D:\facebookboot\target\classes started by MyPc in D:\facebookboot)
2020-12-23 12:58:13.943  INFO 3832 --- [main] c.facebookboot.FacebookbootApplication   : No active profile set, falling back to default profiles: default
2020-12-23 12:58:15.555  INFO 3832 --- [main] .s.d.r.c.RepositoryConfigurationDelegate : Bootstrapping Spring Data JPA repositories in DEFAULT mode.
2020-12-23 12:58:15.685  INFO 3832 --- [main] .s.d.r.c.RepositoryConfigurationDelegate : Finished Spring Data repository scanning in 107 ms. Found 1 JPA repository interfaces.
2020-12-23 12:58:17.354  INFO 3832 --- [main] o.s.b.w.embedded.tomcat.TomcatWebServer  : Tomcat initialized with port(s): 8080 (http)
2020-12-23 12:58:17.373  INFO 3832 --- [main] o.apache.catalina.core.StandardService   : Starting service [Tomcat]
2020-12-23 12:58:17.374  INFO 3832 --- [main] org.apache.catalina.core.StandardEngine  : Starting Servlet engine: [Apache Tomcat/9.0.41]
2020-12-23 12:58:17.552  INFO 3832 --- [main] o.a.c.c.C.[Tomcat].[localhost].[/]       : Initializing Spring embedded WebApplicationContext
2020-12-23 12:58:17.556  INFO 3832 --- [main] w.s.c.ServletWebServerApplicationContext : Root WebApplicationContext: initialization completed in 3475 ms
2020-12-23 12:58:18.043  INFO 3832 --- [main] o.hibernate.jpa.internal.util.LogHelper  : HHH000204: Processing PersistenceUnitInfo [name: default]
2020-12-23 12:58:18.196  INFO 3832 --- [main] org.hibernate.Version                    : HHH000412: Hibernate ORM core version 5.4.25.Final
2020-12-23 12:58:18.466  INFO 3832 --- [main] o.hibernate.annotations.common.Version   : HCANN000001: Hibernate Commons Annotations {5.1.2.Final}
2020-12-23 12:58:18.722  INFO 3832 --- [main] com.zaxxer.hikari.HikariDataSource       : HikariPool-1 - Starting...
2020-12-23 12:58:19.025  INFO 3832 --- [main] com.zaxxer.hikari.HikariDataSource       : HikariPool-1 - Start completed.
2020-12-23 12:58:19.064  INFO 3832 --- [main] org.hibernate.dialect.Dialect            : HHH000400: Using dialect: org.hibernate.dialect.PostgreSQLDialect
2020-12-23 12:58:20.720  INFO 3832 --- [main] o.h.e.t.j.p.i.JtaPlatformInitiator       : HHH000490: Using JtaPlatform implementation: [org.hibernate.engine.transaction.jta.platform.internal.NoJtaPlatform]
2020-12-23 12:58:20.732  INFO 3832 --- [main] j.LocalContainerEntityManagerFactoryBean : Initialized JPA EntityManagerFactory for persistence unit 'default'
2020-12-23 12:58:21.857  WARN 3832 --- [main] JpaBaseConfiguration$JpaWebConfiguration : spring.jpa.open-in-view is enabled by default. Therefore, database queries may be performed during view rendering. Explicitly configure spring.jpa.open-in-view to disable this warning
2020-12-23 12:58:22.125  INFO 3832 --- [main] o.s.s.concurrent.ThreadPoolTaskExecutor  : Initializing ExecutorService 'applicationTaskExecutor'
2020-12-23 12:58:22.708  INFO 3832 --- [main] o.s.b.w.embedded.tomcat.TomcatWebServer  : Tomcat started on port(s): 8080 (http) with context path ''
2020-12-23 12:58:22.725  INFO 3832 --- [main] c.facebookboot.FacebookbootApplication   : Started FacebookbootApplication in 9.6 seconds (JVM running for 10.628)
